0 info it worked if it ends with ok
1 verbose cli [ '/home/ubuntu/.nvm/v0.10.35/bin/node',
1 verbose cli   '/home/ubuntu/.nvm/v0.10.35/bin/npm',
1 verbose cli   'install',
1 verbose cli   '-g',
1 verbose cli   'browerify' ]
2 info using npm@1.4.28
3 info using node@v0.10.35
4 verbose cache add [ 'browerify', null ]
5 verbose cache add name=undefined spec="browerify" args=["browerify",null]
6 verbose parsed url { protocol: null,
6 verbose parsed url   slashes: null,
6 verbose parsed url   auth: null,
6 verbose parsed url   host: null,
6 verbose parsed url   port: null,
6 verbose parsed url   hostname: null,
6 verbose parsed url   hash: null,
6 verbose parsed url   search: null,
6 verbose parsed url   query: null,
6 verbose parsed url   pathname: 'browerify',
6 verbose parsed url   path: 'browerify',
6 verbose parsed url   href: 'browerify' }
7 silly lockFile 350e5487-browerify browerify
8 verbose lock browerify /home/ubuntu/.npm/350e5487-browerify.lock
9 silly lockFile 350e5487-browerify browerify
10 silly lockFile 350e5487-browerify browerify
11 verbose addNamed [ 'browerify', '' ]
12 verbose addNamed [ null, '*' ]
13 silly lockFile f16caac6-browerify browerify@
14 verbose lock browerify@ /home/ubuntu/.npm/f16caac6-browerify.lock
15 silly addNameRange { name: 'browerify', range: '*', hasData: false }
16 verbose request where is /browerify
17 verbose request registry https://registry.npmjs.org/
18 verbose request id 22601993ee097394
19 verbose url raw /browerify
20 verbose url resolving [ 'https://registry.npmjs.org/', './browerify' ]
21 verbose url resolved https://registry.npmjs.org/browerify
22 verbose request where is https://registry.npmjs.org/browerify
23 info trying registry request attempt 1 at 10:28:41
24 http GET https://registry.npmjs.org/browerify
25 http 404 https://registry.npmjs.org/browerify
26 verbose headers { server: 'CouchDB/1.5.0 (Erlang OTP/R16B03)',
26 verbose headers   'content-type': 'application/json',
26 verbose headers   'cache-control': 'max-age=0',
26 verbose headers   'content-length': '51',
26 verbose headers   'accept-ranges': 'bytes',
26 verbose headers   date: 'Mon, 27 Jul 2015 10:28:41 GMT',
26 verbose headers   via: '1.1 varnish',
26 verbose headers   age: '0',
26 verbose headers   connection: 'keep-alive',
26 verbose headers   'x-served-by': 'cache-lcy1132-LCY',
26 verbose headers   'x-cache': 'MISS',
26 verbose headers   'x-cache-hits': '0',
26 verbose headers   'x-timer': 'S1437992921.844586,VS0,VE90' }
27 silly registry.get cb [ 404,
27 silly registry.get   { server: 'CouchDB/1.5.0 (Erlang OTP/R16B03)',
27 silly registry.get     'content-type': 'application/json',
27 silly registry.get     'cache-control': 'max-age=0',
27 silly registry.get     'content-length': '51',
27 silly registry.get     'accept-ranges': 'bytes',
27 silly registry.get     date: 'Mon, 27 Jul 2015 10:28:41 GMT',
27 silly registry.get     via: '1.1 varnish',
27 silly registry.get     age: '0',
27 silly registry.get     connection: 'keep-alive',
27 silly registry.get     'x-served-by': 'cache-lcy1132-LCY',
27 silly registry.get     'x-cache': 'MISS',
27 silly registry.get     'x-cache-hits': '0',
27 silly registry.get     'x-timer': 'S1437992921.844586,VS0,VE90' } ]
28 silly lockFile f16caac6-browerify browerify@
29 silly lockFile f16caac6-browerify browerify@
30 error 404 404 Not Found: browerify
30 error 404
30 error 404 'browerify' is not in the npm registry.
30 error 404 You should bug the author to publish it
30 error 404
30 error 404 Note that you can also install from a
30 error 404 tarball, folder, or http url, or git url.
31 error System Linux 3.14.13-c9
32 error command "/home/ubuntu/.nvm/v0.10.35/bin/node" "/home/ubuntu/.nvm/v0.10.35/bin/npm" "install" "-g" "browerify"
33 error cwd /home/ubuntu/workspace
34 error node -v v0.10.35
35 error npm -v 1.4.28
36 error code E404
37 verbose exit [ 1, true ]
